# JRE version: Java(TM) SE Runtime Environment (23.0.2+7) (build 23.0.2+7-58)
# Java VM: Java HotSpot(TM) 64-Bit Server VM (23.0.2+7-58, mixed mode, sharing, tiered, compressed oops, compressed class ptrs, g1 gc, windows-amd64)
GC Precious Log:
 CardTable entry size: 512
 Card Set container configuration: InlinePtr #cards 5 size 8 Array Of Cards #cards 10 size 36 Howl #buckets 4 coarsen threshold 1843 Howl Bitmap #cards 512 size 80 coarsen threshold 460 Card regions per heap region 1 cards per card region 2048
 CPUs: 4 total, 4 available
 Memory: 3499M
 Large Page Support: Disabled
 NUMA Support: Disabled
 Compressed Oops: Enabled (32-bit)
 Heap Region Size: 1M
 Heap Min Capacity: 8M
 Heap Initial Capacity: 56M
 Heap Max Capacity: 876M
 Pre-touch: Disabled
 Parallel Workers: 4
 Concurrent Workers: 1
 Concurrent Refinement Workers: 4
 Periodic GC: Disabled
Heap:
 garbage-first heap   total reserved 897024K, committed 48128K, used 33270K [0x00000000c9400000, 0x0000000100000000)
  region size 1024K, 9 young (9216K), 2 survivors (2048K)
 Metaspace       used 63202K, committed 63808K, reserved 1114112K
  class space    used 8714K, committed 8960K, reserved 1048576K
GC Heap History (20 events):
Event: 4.592 GC heap before
{Heap before GC invocations=4 (full 0):
 garbage-first heap   total reserved 897024K, committed 57344K, used 22837K [0x00000000c9400000, 0x0000000100000000)
  region size 1024K, 16 young (16384K), 4 survivors (4096K)
 Metaspace       used 21165K, committed 21504K, reserved 1114112K
  class space    used 2716K, committed 2880K, reserved 1048576K
}
Event: 4.603 GC heap after
{Heap after GC invocations=5 (full 0):
 garbage-first heap   total reserved 897024K, committed 57344K, used 13585K [0x00000000c9400000, 0x0000000100000000)
  region size 1024K, 1 young (1024K), 1 survivors (1024K)
 Metaspace       used 21165K, committed 21504K, reserved 1114112K
  class space    used 2716K, committed 2880K, reserved 1048576K
}
Event: 5.979 GC heap before
{Heap before GC invocations=6 (full 0):
 garbage-first heap   total reserved 897024K, committed 48128K, used 40209K [0x00000000c9400000, 0x0000000100000000)
  region size 1024K, 27 young (27648K), 1 survivors (1024K)
 Metaspace       used 25533K, committed 25856K, reserved 1114112K
  class space    used 3322K, committed 3456K, reserved 1048576K
}
Event: 5.989 GC heap after
{Heap after GC invocations=7 (full 0):
 garbage-first heap   total reserved 897024K, committed 48128K, used 16352K [0x00000000c9400000, 0x0000000100000000)
  region size 1024K, 4 young (4096K), 4 survivors (4096K)
 Metaspace       used 25533K, committed 25856K, reserved 1114112K
  class space    used 3322K, committed 3456K, reserved 1048576K
}
Event: 7.265 GC heap before
{Heap before GC invocations=7 (full 0):
 garbage-first heap   total reserved 897024K, committed 48128K, used 36832K [0x00000000c9400000, 0x0000000100000000)
  region size 1024K, 24 young (24576K), 4 survivors (4096K)
 Metaspace       used 29226K, committed 29696K, reserved 1114112K
  class space    used 3852K, committed 4096K, reserved 1048576K
}
Event: 7.284 GC heap after
{Heap after GC invocations=8 (full 0):
 garbage-first heap   total reserved 897024K, committed 48128K, used 18444K [0x00000000c9400000, 0x0000000100000000)
  region size 1024K, 3 young (3072K), 3 survivors (3072K)
 Metaspace       used 29226K, committed 29696K, reserved 1114112K
  class space    used 3852K, committed 4096K, reserved 1048576K
}
Event: 9.014 GC heap before
{Heap before GC invocations=8 (full 0):
 garbage-first heap   total reserved 897024K, committed 48128K, used 37900K [0x00000000c9400000, 0x0000000100000000)
  region size 1024K, 22 young (22528K), 3 survivors (3072K)
 Metaspace       used 33289K, committed 33856K, reserved 1114112K
  class space    used 4412K, committed 4672K, reserved 1048576K
}
Event: 9.022 GC heap after
{Heap after GC invocations=9 (full 0):
 garbage-first heap   total reserved 897024K, committed 48128K, used 20621K [0x00000000c9400000, 0x0000000100000000)
  region size 1024K, 3 young (3072K), 3 survivors (3072K)
 Metaspace       used 33289K, committed 33856K, reserved 1114112K
  class space    used 4412K, committed 4672K, reserved 1048576K
}
Event: 9.671 GC heap before
{Heap before GC invocations=9 (full 0):
 garbage-first heap   total reserved 897024K, committed 48128K, used 26765K [0x00000000c9400000, 0x0000000100000000)
  region size 1024K, 11 young (11264K), 3 survivors (3072K)
 Metaspace       used 35382K, committed 35968K, reserved 1114112K
  class space    used 4694K, committed 4992K, reserved 1048576K
}
Event: 9.678 GC heap after
{Heap after GC invocations=10 (full 0):
 garbage-first heap   total reserved 897024K, committed 48128K, used 21275K [0x00000000c9400000, 0x0000000100000000)
  region size 1024K, 1 young (1024K), 1 survivors (1024K)
 Metaspace       used 35382K, committed 35968K, reserved 1114112K
  class space    used 4694K, committed 4992K, reserved 1048576K
}
Event: 10.618 GC heap before
{Heap before GC invocations=11 (full 0):
 garbage-first heap   total reserved 897024K, committed 48128K, used 39707K [0x00000000c9400000, 0x0000000100000000)
  region size 1024K, 19 young (19456K), 1 survivors (1024K)
 Metaspace       used 39880K, committed 40384K, reserved 1114112K
  class space    used 5464K, committed 5696K, reserved 1048576K
}
Event: 10.621 GC heap after
{Heap after GC invocations=12 (full 0):
 garbage-first heap   total reserved 897024K, committed 48128K, used 22203K [0x00000000c9400000, 0x0000000100000000)
  region size 1024K, 2 young (2048K), 2 survivors (2048K)
 Metaspace       used 39880K, committed 40384K, reserved 1114112K
  class space    used 5464K, committed 5696K, reserved 1048576K
}
Event: 12.214 GC heap before
{Heap before GC invocations=12 (full 0):
 garbage-first heap   total reserved 897024K, committed 48128K, used 39611K [0x00000000c9400000, 0x0000000100000000)
  region size 1024K, 20 young (20480K), 2 survivors (2048K)
 Metaspace       used 48471K, committed 49024K, reserved 1114112K
  class space    used 6520K, committed 6784K, reserved 1048576K
}
Event: 12.221 GC heap after
{Heap after GC invocations=13 (full 0):
 garbage-first heap   total reserved 897024K, committed 48128K, used 24409K [0x00000000c9400000, 0x0000000100000000)
  region size 1024K, 3 young (3072K), 3 survivors (3072K)
 Metaspace       used 48471K, committed 49024K, reserved 1114112K
  class space    used 6520K, committed 6784K, reserved 1048576K
}
Event: 13.019 GC heap before
{Heap before GC invocations=13 (full 0):
 garbage-first heap   total reserved 897024K, committed 48128K, used 40793K [0x00000000c9400000, 0x0000000100000000)
  region size 1024K, 20 young (20480K), 3 survivors (3072K)
 Metaspace       used 52407K, committed 52928K, reserved 1114112K
  class space    used 7024K, committed 7232K, reserved 1048576K
}
Event: 13.027 GC heap after
{Heap after GC invocations=14 (full 0):
 garbage-first heap   total reserved 897024K, committed 48128K, used 25775K [0x00000000c9400000, 0x0000000100000000)
  region size 1024K, 2 young (2048K), 2 survivors (2048K)
 Metaspace       used 52407K, committed 52928K, reserved 1114112K
  class space    used 7024K, committed 7232K, reserved 1048576K
}
Event: 14.308 GC heap before
{Heap before GC invocations=14 (full 0):
 garbage-first heap   total reserved 897024K, committed 48128K, used 41135K [0x00000000c9400000, 0x0000000100000000)
  region size 1024K, 18 young (18432K), 2 survivors (2048K)
 Metaspace       used 57965K, committed 58496K, reserved 1114112K
  class space    used 7915K, committed 8128K, reserved 1048576K
}
Event: 14.312 GC heap after
{Heap after GC invocations=15 (full 0):
 garbage-first heap   total reserved 897024K, committed 48128K, used 26375K [0x00000000c9400000, 0x0000000100000000)
  region size 1024K, 2 young (2048K), 2 survivors (2048K)
 Metaspace       used 57965K, committed 58496K, reserved 1114112K
  class space    used 7915K, committed 8128K, reserved 1048576K
}
Event: 15.098 GC heap before
{Heap before GC invocations=16 (full 0):
 garbage-first heap   total reserved 897024K, committed 48128K, used 41735K [0x00000000c9400000, 0x0000000100000000)
  region size 1024K, 18 young (18432K), 2 survivors (2048K)
 Metaspace       used 62111K, committed 62720K, reserved 1114112K
  class space    used 8619K, committed 8896K, reserved 1048576K
}
Event: 15.103 GC heap after
{Heap after GC invocations=17 (full 0):
 garbage-first heap   total reserved 897024K, committed 48128K, used 27126K [0x00000000c9400000, 0x0000000100000000)
  region size 1024K, 2 young (2048K), 2 survivors (2048K)
 Metaspace       used 62111K, committed 62720K, reserved 1114112K
  class space    used 8619K, committed 8896K, reserved 1048576K
}

